<?xml version="1.0" encoding="UTF-8"?>
<testng-results skipped="0" failed="0" total="1" passed="1">
  <reporter-output>
  </reporter-output>
  <suite name="Default suite" duration-ms="78" started-at="2019-07-20T12:21:24Z" finished-at="2019-07-20T12:21:24Z">
    <groups>
    </groups>
    <test name="Default test" duration-ms="78" started-at="2019-07-20T12:21:24Z" finished-at="2019-07-20T12:21:24Z">
      <class name="Utilities.ConfigCreator">
        <test-method status="PASS" signature="loadConfigValFromJenkins()[pri:0, instance:Utilities.ConfigCreator@3ffc5af1]" name="loadConfigValFromJenkins" duration-ms="53" started-at="2019-07-20T17:51:24Z" finished-at="2019-07-20T17:51:24Z">
          <reporter-output>
          </reporter-output>
        </test-method> <!-- loadConfigValFromJenkins -->
      </class> <!-- Utilities.ConfigCreator -->
    </test> <!-- Default test -->
  </suite> <!-- Default suite -->
</testng-results>
